<?xml version="1.0" encoding="UTF-8"?>
<!-- Generated by org.testng.reporters.JUnitReportReporter -->
<testsuite hostname="DESKTOP-C02MDER" failures="0" tests="10" name="com.fb.qa.testcases.SignUpPageTest" time="78.540" errors="0" timestamp="2022-09-13T12:32:48 IST" skipped="0">
  <testcase classname="com.fb.qa.testcases.SignUpPageTest" name="verifyFirstNameOfSignUpPage" time="8.123"/>
  <system-out/>
  <testcase classname="com.fb.qa.testcases.SignUpPageTest" name="verifyLastNameOfSignUpPage" time="7.844"/>
  <system-out/>
  <testcase classname="com.fb.qa.testcases.SignUpPageTest" name="verifyEmailFieldOfSignUpPage" time="12.174"/>
  <system-out/>
  <testcase classname="com.fb.qa.testcases.SignUpPageTest" name="verifyConfirmEmailFieldOfSignUpPage" time="7.664"/>
  <system-out/>
  <testcase classname="com.fb.qa.testcases.SignUpPageTest" name="verifypassFieldOfSignUpPage" time="7.302"/>
  <system-out/>
  <testcase classname="com.fb.qa.testcases.SignUpPageTest" name="verifyBirthDayFieldOfSignUpPage" time="6.636"/>
  <system-out/>
  <testcase classname="com.fb.qa.testcases.SignUpPageTest" name="verifyBirthMonthFieldOfSignUpPage" time="6.921"/>
  <system-out/>
  <testcase classname="com.fb.qa.testcases.SignUpPageTest" name="verifyBirthYearFieldOfSignUpPage" time="8.254"/>
  <system-out/>
  <testcase classname="com.fb.qa.testcases.SignUpPageTest" name="verifyGenderFieldOfSignUpPage" time="7.025"/>
  <system-out/>
  <testcase classname="com.fb.qa.testcases.SignUpPageTest" name="verifySubmitbtnOfSignUpPage" time="6.597"/>
  <system-out/>
</testsuite> <!-- com.fb.qa.testcases.SignUpPageTest -->
